<?xml version="1.0" encoding="UTF-8"?>
<testng-results total="2" passed="2" failed="0" skipped="0">
  <reporter-output>
  </reporter-output>
  <suite started-at="2020-06-06T09:01:22Z" name="Default suite" finished-at="2020-06-06T09:01:50Z" duration-ms="28408">
    <groups>
    </groups>
    <test started-at="2020-06-06T09:01:22Z" name="Default test" finished-at="2020-06-06T09:01:50Z" duration-ms="28408">
      <class name="FirstTestCasesOpenWebsite">
        <test-method signature="openWebsite()[pri:0, instance:FirstTestCasesOpenWebsite@6d4e5011]" started-at="2020-06-06T14:31:22Z" name="openWebsite" finished-at="2020-06-06T14:31:33Z" duration-ms="11632" status="PASS">
          <reporter-output>
          </reporter-output>
        </test-method> <!-- openWebsite -->
        <test-method signature="signUp()[pri:0, instance:FirstTestCasesOpenWebsite@6d4e5011]" started-at="2020-06-06T14:31:33Z" name="signUp" finished-at="2020-06-06T14:31:50Z" duration-ms="16738" status="PASS">
          <reporter-output>
          </reporter-output>
        </test-method> <!-- signUp -->
      </class> <!-- FirstTestCasesOpenWebsite -->
    </test> <!-- Default test -->
  </suite> <!-- Default suite -->
</testng-results>
